# JRE version: Java(TM) SE Runtime Environment (8.0_181-b13) (build 1.8.0_181-b13)
# Java VM: Java HotSpot(TM) 64-Bit Server VM (25.181-b13 mixed mode windows-amd64 compressed oops)
Heap:
 PSYoungGen      total 75776K, used 32646K [0x000000076b600000, 0x0000000770a80000, 0x00000007c0000000)
  eden space 65024K, 50% used [0x000000076b600000,0x000000076d5e1988,0x000000076f580000)
  from space 10752K, 0% used [0x000000076f580000,0x000000076f580000,0x0000000770000000)
  to   space 10752K, 0% used [0x0000000770000000,0x0000000770000000,0x0000000770a80000)
 ParOldGen       total 103424K, used 14424K [0x00000006c2200000, 0x00000006c8700000, 0x000000076b600000)
  object space 103424K, 13% used [0x00000006c2200000,0x00000006c30160c8,0x00000006c8700000)
 Metaspace       used 36237K, capacity 38520K, committed 38784K, reserved 1085440K
  class space    used 4786K, capacity 5208K, committed 5248K, reserved 1048576K
GC Heap History (10 events):
Event: 2.503 GC heap before
{Heap before GC invocations=5 (full 1):
 PSYoungGen      total 75776K, used 65024K [0x000000076b600000, 0x0000000770a80000, 0x00000007c0000000)
  eden space 65024K, 100% used [0x000000076b600000,0x000000076f580000,0x000000076f580000)
  from space 10752K, 0% used [0x000000076f580000,0x000000076f580000,0x0000000770000000)
  to   space 10752K, 0% used [0x0000000770000000,0x0000000770000000,0x0000000770a80000)
 ParOldGen       total 103424K, used 8616K [0x00000006c2200000, 0x00000006c8700000, 0x000000076b600000)
  object space 103424K, 8% used [0x00000006c2200000,0x00000006c2a6a060,0x00000006c8700000)
 Metaspace       used 22875K, capacity 24102K, committed 24320K, reserved 1073152K
  class space    used 3020K, capacity 3267K, committed 3328K, reserved 1048576K
Event: 2.505 GC heap after
Heap after GC invocations=5 (full 1):
 PSYoungGen      total 75776K, used 6263K [0x000000076b600000, 0x0000000770a80000, 0x00000007c0000000)
  eden space 65024K, 0% used [0x000000076b600000,0x000000076b600000,0x000000076f580000)
  from space 10752K, 58% used [0x0000000770000000,0x000000077061dc98,0x0000000770a80000)
  to   space 10752K, 0% used [0x000000076f580000,0x000000076f580000,0x0000000770000000)
 ParOldGen       total 103424K, used 8624K [0x00000006c2200000, 0x00000006c8700000, 0x000000076b600000)
  object space 103424K, 8% used [0x00000006c2200000,0x00000006c2a6c060,0x00000006c8700000)
 Metaspace       used 22875K, capacity 24102K, committed 24320K, reserved 1073152K
  class space    used 3020K, capacity 3267K, committed 3328K, reserved 1048576K
}
Event: 2.988 GC heap before
{Heap before GC invocations=6 (full 1):
 PSYoungGen      total 75776K, used 71287K [0x000000076b600000, 0x0000000770a80000, 0x00000007c0000000)
  eden space 65024K, 100% used [0x000000076b600000,0x000000076f580000,0x000000076f580000)
  from space 10752K, 58% used [0x0000000770000000,0x000000077061dc98,0x0000000770a80000)
  to   space 10752K, 0% used [0x000000076f580000,0x000000076f580000,0x0000000770000000)
 ParOldGen       total 103424K, used 8624K [0x00000006c2200000, 0x00000006c8700000, 0x000000076b600000)
  object space 103424K, 8% used [0x00000006c2200000,0x00000006c2a6c060,0x00000006c8700000)
 Metaspace       used 27212K, capacity 29178K, committed 29440K, reserved 1077248K
  class space    used 3695K, capacity 4089K, committed 4096K, reserved 1048576K
Event: 2.992 GC heap after
Heap after GC invocations=6 (full 1):
 PSYoungGen      total 75776K, used 8817K [0x000000076b600000, 0x0000000770a80000, 0x00000007c0000000)
  eden space 65024K, 0% used [0x000000076b600000,0x000000076b600000,0x000000076f580000)
  from space 10752K, 82% used [0x000000076f580000,0x000000076fe1c620,0x0000000770000000)
  to   space 10752K, 0% used [0x0000000770000000,0x0000000770000000,0x0000000770a80000)
 ParOldGen       total 103424K, used 8632K [0x00000006c2200000, 0x00000006c8700000, 0x000000076b600000)
  object space 103424K, 8% used [0x00000006c2200000,0x00000006c2a6e060,0x00000006c8700000)
 Metaspace       used 27212K, capacity 29178K, committed 29440K, reserved 1077248K
  class space    used 3695K, capacity 4089K, committed 4096K, reserved 1048576K
}
Event: 3.334 GC heap before
{Heap before GC invocations=7 (full 1):
 PSYoungGen      total 75776K, used 73841K [0x000000076b600000, 0x0000000770a80000, 0x00000007c0000000)
  eden space 65024K, 100% used [0x000000076b600000,0x000000076f580000,0x000000076f580000)
  from space 10752K, 82% used [0x000000076f580000,0x000000076fe1c620,0x0000000770000000)
  to   space 10752K, 0% used [0x0000000770000000,0x0000000770000000,0x0000000770a80000)
 ParOldGen       total 103424K, used 8632K [0x00000006c2200000, 0x00000006c8700000, 0x000000076b600000)
  object space 103424K, 8% used [0x00000006c2200000,0x00000006c2a6e060,0x00000006c8700000)
 Metaspace       used 31614K, capacity 33728K, committed 33920K, reserved 1081344K
  class space    used 4211K, capacity 4612K, committed 4736K, reserved 1048576K
Event: 3.339 GC heap after
Heap after GC invocations=7 (full 1):
 PSYoungGen      total 75776K, used 10742K [0x000000076b600000, 0x0000000770a80000, 0x00000007c0000000)
  eden space 65024K, 0% used [0x000000076b600000,0x000000076b600000,0x000000076f580000)
  from space 10752K, 99% used [0x0000000770000000,0x0000000770a7db78,0x0000000770a80000)
  to   space 10752K, 0% used [0x000000076f580000,0x000000076f580000,0x0000000770000000)
 ParOldGen       total 103424K, used 9047K [0x00000006c2200000, 0x00000006c8700000, 0x000000076b600000)
  object space 103424K, 8% used [0x00000006c2200000,0x00000006c2ad5c98,0x00000006c8700000)
 Metaspace       used 31614K, capacity 33728K, committed 33920K, reserved 1081344K
  class space    used 4211K, capacity 4612K, committed 4736K, reserved 1048576K
}
Event: 3.444 GC heap before
{Heap before GC invocations=8 (full 1):
 PSYoungGen      total 75776K, used 34000K [0x000000076b600000, 0x0000000770a80000, 0x00000007c0000000)
  eden space 65024K, 35% used [0x000000076b600000,0x000000076ccb6870,0x000000076f580000)
  from space 10752K, 99% used [0x0000000770000000,0x0000000770a7db78,0x0000000770a80000)
  to   space 10752K, 0% used [0x000000076f580000,0x000000076f580000,0x0000000770000000)
 ParOldGen       total 103424K, used 9047K [0x00000006c2200000, 0x00000006c8700000, 0x000000076b600000)
  object space 103424K, 8% used [0x00000006c2200000,0x00000006c2ad5c98,0x00000006c8700000)
 Metaspace       used 33243K, capacity 35362K, committed 35496K, reserved 1081344K
  class space    used 4371K, capacity 4791K, committed 4864K, reserved 1048576K
Event: 3.450 GC heap after
Heap after GC invocations=8 (full 1):
 PSYoungGen      total 75776K, used 8729K [0x000000076b600000, 0x0000000770a80000, 0x00000007c0000000)
  eden space 65024K, 0% used [0x000000076b600000,0x000000076b600000,0x000000076f580000)
  from space 10752K, 81% used [0x000000076f580000,0x000000076fe06428,0x0000000770000000)
  to   space 10752K, 0% used [0x0000000770000000,0x0000000770000000,0x0000000770a80000)
 ParOldGen       total 103424K, used 9055K [0x00000006c2200000, 0x00000006c8700000, 0x000000076b600000)
  object space 103424K, 8% used [0x00000006c2200000,0x00000006c2ad7c98,0x00000006c8700000)
 Metaspace       used 33243K, capacity 35362K, committed 35496K, reserved 1081344K
  class space    used 4371K, capacity 4791K, committed 4864K, reserved 1048576K
}
Event: 3.450 GC heap before
{Heap before GC invocations=9 (full 2):
 PSYoungGen      total 75776K, used 8729K [0x000000076b600000, 0x0000000770a80000, 0x00000007c0000000)
  eden space 65024K, 0% used [0x000000076b600000,0x000000076b600000,0x000000076f580000)
  from space 10752K, 81% used [0x000000076f580000,0x000000076fe06428,0x0000000770000000)
  to   space 10752K, 0% used [0x0000000770000000,0x0000000770000000,0x0000000770a80000)
 ParOldGen       total 103424K, used 9055K [0x00000006c2200000, 0x00000006c8700000, 0x000000076b600000)
  object space 103424K, 8% used [0x00000006c2200000,0x00000006c2ad7c98,0x00000006c8700000)
 Metaspace       used 33243K, capacity 35362K, committed 35496K, reserved 1081344K
  class space    used 4371K, capacity 4791K, committed 4864K, reserved 1048576K
Event: 3.499 GC heap after
Heap after GC invocations=9 (full 2):
 PSYoungGen      total 75776K, used 0K [0x000000076b600000, 0x0000000770a80000, 0x00000007c0000000)
  eden space 65024K, 0% used [0x000000076b600000,0x000000076b600000,0x000000076f580000)
  from space 10752K, 0% used [0x000000076f580000,0x000000076f580000,0x0000000770000000)
  to   space 10752K, 0% used [0x0000000770000000,0x0000000770000000,0x0000000770a80000)
 ParOldGen       total 103424K, used 14424K [0x00000006c2200000, 0x00000006c8700000, 0x000000076b600000)
  object space 103424K, 13% used [0x00000006c2200000,0x00000006c30160c8,0x00000006c8700000)
 Metaspace       used 33243K, capacity 35362K, committed 35496K, reserved 1081344K
  class space    used 4371K, capacity 4791K, committed 4864K, reserved 1048576K
}

